0 info it worked if it ends with ok
1 verbose cli [ '/Users/Minion/.nvm/versions/node/v5.4.0/bin/node',
1 verbose cli   '/Users/Minion/.nvm/versions/node/v5.4.0/bin/npm',
1 verbose cli   'config',
1 verbose cli   'get',
1 verbose cli   'prefix' ]
2 info using npm@3.3.12
3 info using node@v5.4.0
4 verbose stack Error: Cannot find module 'npm-autoinit/autoinit'
4 verbose stack     at Function.Module._resolveFilename (module.js:326:15)
4 verbose stack     at Function.Module._load (module.js:277:25)
4 verbose stack     at Module.require (module.js:354:17)
4 verbose stack     at require (internal/module.js:12:17)
4 verbose stack     at cb (/Users/Minion/.nvm/versions/node/v5.4.0/lib/node_modules/npm/lib/npm.js:288:9)
4 verbose stack     at /Users/Minion/.nvm/versions/node/v5.4.0/lib/node_modules/npm/lib/npm.js:384:16
4 verbose stack     at /Users/Minion/.nvm/versions/node/v5.4.0/lib/node_modules/npm/lib/config/core.js:80:7
4 verbose stack     at Array.forEach (native)
4 verbose stack     at /Users/Minion/.nvm/versions/node/v5.4.0/lib/node_modules/npm/lib/config/core.js:79:13
4 verbose stack     at f (/Users/Minion/.nvm/versions/node/v5.4.0/lib/node_modules/npm/node_modules/once/once.js:17:25)
5 verbose cwd /Users/Minion/Downloads/esp/kb/kbide/plugins/examples/blink
6 error Darwin 18.2.0
7 error argv "/Users/Minion/.nvm/versions/node/v5.4.0/bin/node" "/Users/Minion/.nvm/versions/node/v5.4.0/bin/npm" "config" "get" "prefix"
8 error node v5.4.0
9 error npm  v3.3.12
10 error code MODULE_NOT_FOUND
11 error Cannot find module 'npm-autoinit/autoinit'
12 error If you need help, you may report this error at:
12 error     <https://github.com/npm/npm/issues>
13 verbose exit [ 1, true ]
